2024-05-16 21:36:34 [main] INFO  c.a.a.ApiManagementApplication - Starting ApiManagementApplication using Java 17.0.9 on DESKTOP-HM75IRF with PID 19516 (C:\Users\Samuel Núñez Pulido\Desktop\api_management\api_management\target\classes started by Samuel Núñez Pulido in C:\Users\Samuel Núñez Pulido\Desktop\api_management\api_management)
2024-05-16 21:36:34 [main] INFO  c.a.a.ApiManagementApplication - No active profile set, falling back to default profiles: default
2024-05-16 21:36:34 [main] INFO  o.s.d.r.c.RepositoryConfigurationDelegate - Bootstrapping Spring Data JPA repositories in DEFAULT mode.
2024-05-16 21:36:34 [main] INFO  o.s.d.r.c.RepositoryConfigurationDelegate - Finished Spring Data repository scanning in 53 ms. Found 1 JPA repository interfaces.
2024-05-16 21:36:35 [main] INFO  o.s.b.w.e.tomcat.TomcatWebServer - Tomcat initialized with port(s): 8090 (http)
2024-05-16 21:36:35 [main] INFO  o.a.coyote.http11.Http11NioProtocol - Initializing ProtocolHandler ["http-nio-8090"]
2024-05-16 21:36:35 [main] INFO  o.a.catalina.core.StandardService - Starting service [Tomcat]
2024-05-16 21:36:35 [main] INFO  o.a.catalina.core.StandardEngine - Starting Servlet engine: [Apache Tomcat/9.0.56]
2024-05-16 21:36:35 [main] INFO  o.a.c.c.C.[Tomcat].[localhost].[/] - Initializing Spring embedded WebApplicationContext
2024-05-16 21:36:35 [main] INFO  o.s.b.w.s.c.ServletWebServerApplicationContext - Root WebApplicationContext: initialization completed in 1517 ms
2024-05-16 21:36:35 [main] INFO  o.h.jpa.internal.util.LogHelper - HHH000204: Processing PersistenceUnitInfo [name: default]
2024-05-16 21:36:35 [main] INFO  org.hibernate.Version - HHH000412: Hibernate ORM core version 5.6.4.Final
2024-05-16 21:36:36 [main] INFO  o.h.annotations.common.Version - HCANN000001: Hibernate Commons Annotations {5.1.2.Final}
2024-05-16 21:36:36 [main] INFO  com.zaxxer.hikari.HikariDataSource - HikariPool-1 - Starting...
2024-05-16 21:36:36 [main] INFO  com.zaxxer.hikari.HikariDataSource - HikariPool-1 - Start completed.
2024-05-16 21:36:36 [main] INFO  org.hibernate.dialect.Dialect - HHH000400: Using dialect: org.hibernate.dialect.MySQLDialect
2024-05-16 21:36:37 [main] INFO  o.h.e.t.j.p.i.JtaPlatformInitiator - HHH000490: Using JtaPlatform implementation: [org.hibernate.engine.transaction.jta.platform.internal.NoJtaPlatform]
2024-05-16 21:36:37 [main] INFO  o.s.o.j.LocalContainerEntityManagerFactoryBean - Initialized JPA EntityManagerFactory for persistence unit 'default'
2024-05-16 21:36:37 [main] WARN  o.s.b.a.o.j.JpaBaseConfiguration$JpaWebConfiguration - spring.jpa.open-in-view is enabled by default. Therefore, database queries may be performed during view rendering. Explicitly configure spring.jpa.open-in-view to disable this warning
2024-05-16 21:36:38 [main] INFO  o.a.coyote.http11.Http11NioProtocol - Starting ProtocolHandler ["http-nio-8090"]
2024-05-16 21:36:38 [main] INFO  o.s.b.w.e.tomcat.TomcatWebServer - Tomcat started on port(s): 8090 (http) with context path ''
2024-05-16 21:36:38 [main] INFO  c.a.a.ApiManagementApplication - Started ApiManagementApplication in 4.373 seconds (JVM running for 4.893)
2024-05-16 21:41:53 [http-nio-8090-exec-2] INFO  o.a.c.c.C.[Tomcat].[localhost].[/] - Initializing Spring DispatcherServlet 'dispatcherServlet'
2024-05-16 21:41:53 [http-nio-8090-exec-2] INFO  o.s.web.servlet.DispatcherServlet - Initializing Servlet 'dispatcherServlet'
2024-05-16 21:41:53 [http-nio-8090-exec-2] INFO  o.s.web.servlet.DispatcherServlet - Completed initialization in 1 ms
2024-05-16 21:41:53 [http-nio-8090-exec-2] INFO  c.a.a.Controllers.UserController - Received request to save User: UserDTO{userId = , userName = John, userSurname = Doe, userDni = 12345678, userEmail = john.doe@example.com}
2024-05-16 21:41:54 [http-nio-8090-exec-2] DEBUG org.hibernate.SQL - 
    select
        user0_.id as id1_2_,
        user0_.dni as dni2_2_,
        user0_.email as email3_2_,
        user0_.userid as userid4_2_,
        user0_.name as name5_2_,
        user0_.surnames as surnames6_2_ 
    from
        users user0_ 
    where
        user0_.dni=?
2024-05-16 21:41:54 [http-nio-8090-exec-2] DEBUG org.hibernate.SQL - 
    insert 
    into
        users
        (dni, email, userid, name, surnames) 
    values
        (?, ?, ?, ?, ?)
2024-05-16 21:41:54 [http-nio-8090-exec-2] INFO  c.a.a.Controllers.UserController - User saved successfully: UserDTO{userId = , userName = John, userSurname = Doe, userDni = 12345678, userEmail = john.doe@example.com}
2024-05-16 21:44:20 [SpringApplicationShutdownHook] INFO  o.s.o.j.LocalContainerEntityManagerFactoryBean - Closing JPA EntityManagerFactory for persistence unit 'default'
2024-05-16 21:44:20 [SpringApplicationShutdownHook] INFO  com.zaxxer.hikari.HikariDataSource - HikariPool-1 - Shutdown initiated...
2024-05-16 21:44:20 [SpringApplicationShutdownHook] INFO  com.zaxxer.hikari.HikariDataSource - HikariPool-1 - Shutdown completed.
2024-05-16 23:52:54 [main] INFO  c.a.a.ApiManagementApplication - Starting ApiManagementApplication using Java 17.0.9 on DESKTOP-HM75IRF with PID 2992 (C:\Users\Samuel Núñez Pulido\Desktop\api_management\api_management\target\classes started by Samuel Núñez Pulido in C:\Users\Samuel Núñez Pulido\Desktop\api_management\api_management)
2024-05-16 23:52:54 [main] INFO  c.a.a.ApiManagementApplication - No active profile set, falling back to default profiles: default
2024-05-16 23:52:55 [main] INFO  o.s.d.r.c.RepositoryConfigurationDelegate - Bootstrapping Spring Data JPA repositories in DEFAULT mode.
2024-05-16 23:52:55 [main] INFO  o.s.d.r.c.RepositoryConfigurationDelegate - Finished Spring Data repository scanning in 43 ms. Found 1 JPA repository interfaces.
2024-05-16 23:52:55 [main] INFO  o.s.b.w.e.tomcat.TomcatWebServer - Tomcat initialized with port(s): 8090 (http)
2024-05-16 23:52:55 [main] INFO  o.a.coyote.http11.Http11NioProtocol - Initializing ProtocolHandler ["http-nio-8090"]
2024-05-16 23:52:55 [main] INFO  o.a.catalina.core.StandardService - Starting service [Tomcat]
2024-05-16 23:52:55 [main] INFO  o.a.catalina.core.StandardEngine - Starting Servlet engine: [Apache Tomcat/9.0.56]
2024-05-16 23:52:55 [main] INFO  o.a.c.c.C.[Tomcat].[localhost].[/] - Initializing Spring embedded WebApplicationContext
2024-05-16 23:52:55 [main] INFO  o.s.b.w.s.c.ServletWebServerApplicationContext - Root WebApplicationContext: initialization completed in 1217 ms
2024-05-16 23:52:55 [main] INFO  o.h.jpa.internal.util.LogHelper - HHH000204: Processing PersistenceUnitInfo [name: default]
2024-05-16 23:52:55 [main] INFO  org.hibernate.Version - HHH000412: Hibernate ORM core version 5.6.4.Final
2024-05-16 23:52:56 [main] INFO  o.h.annotations.common.Version - HCANN000001: Hibernate Commons Annotations {5.1.2.Final}
2024-05-16 23:52:56 [main] INFO  com.zaxxer.hikari.HikariDataSource - HikariPool-1 - Starting...
2024-05-16 23:52:56 [main] INFO  com.zaxxer.hikari.HikariDataSource - HikariPool-1 - Start completed.
2024-05-16 23:52:56 [main] INFO  org.hibernate.dialect.Dialect - HHH000400: Using dialect: org.hibernate.dialect.MySQLDialect
2024-05-16 23:52:56 [main] INFO  o.h.e.t.j.p.i.JtaPlatformInitiator - HHH000490: Using JtaPlatform implementation: [org.hibernate.engine.transaction.jta.platform.internal.NoJtaPlatform]
2024-05-16 23:52:56 [main] INFO  o.s.o.j.LocalContainerEntityManagerFactoryBean - Initialized JPA EntityManagerFactory for persistence unit 'default'
2024-05-16 23:52:57 [main] WARN  o.s.b.a.o.j.JpaBaseConfiguration$JpaWebConfiguration - spring.jpa.open-in-view is enabled by default. Therefore, database queries may be performed during view rendering. Explicitly configure spring.jpa.open-in-view to disable this warning
2024-05-16 23:52:57 [main] INFO  o.a.coyote.http11.Http11NioProtocol - Starting ProtocolHandler ["http-nio-8090"]
2024-05-16 23:52:57 [main] INFO  o.s.b.w.e.tomcat.TomcatWebServer - Tomcat started on port(s): 8090 (http) with context path ''
2024-05-16 23:52:57 [main] INFO  c.a.a.ApiManagementApplication - Started ApiManagementApplication in 3.334 seconds (JVM running for 3.818)
2024-05-16 23:53:13 [http-nio-8090-exec-2] INFO  o.a.c.c.C.[Tomcat].[localhost].[/] - Initializing Spring DispatcherServlet 'dispatcherServlet'
2024-05-16 23:53:13 [http-nio-8090-exec-2] INFO  o.s.web.servlet.DispatcherServlet - Initializing Servlet 'dispatcherServlet'
2024-05-16 23:53:13 [http-nio-8090-exec-2] INFO  o.s.web.servlet.DispatcherServlet - Completed initialization in 2 ms
2024-05-16 23:53:14 [http-nio-8090-exec-2] INFO  c.a.a.Controllers.UserController - Received request to get User whith id: 171588851410
2024-05-16 23:53:14 [http-nio-8090-exec-2] INFO  c.a.a.Services.UserService - Attempting to GET User with idUser: 171588851410
2024-05-16 23:53:14 [http-nio-8090-exec-2] ERROR c.a.a.Controllers.UserController - Error ocurred while getting User: {}
2024-05-16 23:55:54 [SpringApplicationShutdownHook] INFO  o.s.o.j.LocalContainerEntityManagerFactoryBean - Closing JPA EntityManagerFactory for persistence unit 'default'
2024-05-16 23:55:54 [SpringApplicationShutdownHook] INFO  com.zaxxer.hikari.HikariDataSource - HikariPool-1 - Shutdown initiated...
2024-05-16 23:55:54 [SpringApplicationShutdownHook] INFO  com.zaxxer.hikari.HikariDataSource - HikariPool-1 - Shutdown completed.
2024-05-16 23:56:02 [main] INFO  c.a.a.ApiManagementApplication - Starting ApiManagementApplication using Java 17.0.9 on DESKTOP-HM75IRF with PID 17768 (C:\Users\Samuel Núñez Pulido\Desktop\api_management\api_management\target\classes started by Samuel Núñez Pulido in C:\Users\Samuel Núñez Pulido\Desktop\api_management\api_management)
2024-05-16 23:56:02 [main] INFO  c.a.a.ApiManagementApplication - No active profile set, falling back to default profiles: default
2024-05-16 23:56:02 [main] INFO  o.s.d.r.c.RepositoryConfigurationDelegate - Bootstrapping Spring Data JPA repositories in DEFAULT mode.
2024-05-16 23:56:02 [main] INFO  o.s.d.r.c.RepositoryConfigurationDelegate - Finished Spring Data repository scanning in 46 ms. Found 1 JPA repository interfaces.
2024-05-16 23:56:03 [main] INFO  o.s.b.w.e.tomcat.TomcatWebServer - Tomcat initialized with port(s): 8090 (http)
2024-05-16 23:56:03 [main] INFO  o.a.coyote.http11.Http11NioProtocol - Initializing ProtocolHandler ["http-nio-8090"]
2024-05-16 23:56:03 [main] INFO  o.a.catalina.core.StandardService - Starting service [Tomcat]
2024-05-16 23:56:03 [main] INFO  o.a.catalina.core.StandardEngine - Starting Servlet engine: [Apache Tomcat/9.0.56]
2024-05-16 23:56:03 [main] INFO  o.a.c.c.C.[Tomcat].[localhost].[/] - Initializing Spring embedded WebApplicationContext
2024-05-16 23:56:03 [main] INFO  o.s.b.w.s.c.ServletWebServerApplicationContext - Root WebApplicationContext: initialization completed in 1021 ms
2024-05-16 23:56:03 [main] INFO  o.h.jpa.internal.util.LogHelper - HHH000204: Processing PersistenceUnitInfo [name: default]
2024-05-16 23:56:03 [main] INFO  org.hibernate.Version - HHH000412: Hibernate ORM core version 5.6.4.Final
2024-05-16 23:56:03 [main] INFO  o.h.annotations.common.Version - HCANN000001: Hibernate Commons Annotations {5.1.2.Final}
2024-05-16 23:56:03 [main] INFO  com.zaxxer.hikari.HikariDataSource - HikariPool-1 - Starting...
2024-05-16 23:56:03 [main] INFO  com.zaxxer.hikari.HikariDataSource - HikariPool-1 - Start completed.
2024-05-16 23:56:03 [main] INFO  org.hibernate.dialect.Dialect - HHH000400: Using dialect: org.hibernate.dialect.MySQLDialect
2024-05-16 23:56:04 [main] INFO  o.h.e.t.j.p.i.JtaPlatformInitiator - HHH000490: Using JtaPlatform implementation: [org.hibernate.engine.transaction.jta.platform.internal.NoJtaPlatform]
2024-05-16 23:56:04 [main] INFO  o.s.o.j.LocalContainerEntityManagerFactoryBean - Initialized JPA EntityManagerFactory for persistence unit 'default'
2024-05-16 23:56:04 [main] WARN  o.s.b.a.o.j.JpaBaseConfiguration$JpaWebConfiguration - spring.jpa.open-in-view is enabled by default. Therefore, database queries may be performed during view rendering. Explicitly configure spring.jpa.open-in-view to disable this warning
2024-05-16 23:56:04 [main] INFO  o.a.coyote.http11.Http11NioProtocol - Starting ProtocolHandler ["http-nio-8090"]
2024-05-16 23:56:04 [main] INFO  o.s.b.w.e.tomcat.TomcatWebServer - Tomcat started on port(s): 8090 (http) with context path ''
2024-05-16 23:56:04 [main] INFO  c.a.a.ApiManagementApplication - Started ApiManagementApplication in 2.928 seconds (JVM running for 3.302)
2024-05-16 23:57:06 [http-nio-8090-exec-2] INFO  o.a.c.c.C.[Tomcat].[localhost].[/] - Initializing Spring DispatcherServlet 'dispatcherServlet'
2024-05-16 23:57:06 [http-nio-8090-exec-2] INFO  o.s.web.servlet.DispatcherServlet - Initializing Servlet 'dispatcherServlet'
2024-05-16 23:57:06 [http-nio-8090-exec-2] INFO  o.s.web.servlet.DispatcherServlet - Completed initialization in 2 ms
2024-05-16 23:57:06 [http-nio-8090-exec-2] INFO  c.a.a.Controllers.UserController - Received request to get User whith id: 171588851410
2024-05-16 23:57:06 [http-nio-8090-exec-2] INFO  c.a.a.Services.UserService - Attempting to GET User with idUser: 171588851410
2024-05-16 23:57:06 [http-nio-8090-exec-2] ERROR c.a.a.Controllers.UserController - Error ocurred while getting User: {}
